<?xml version="1.0" encoding="UTF-8"?>
<testng-results ignored="0" total="2" passed="2" failed="0" skipped="0">
  <reporter-output>
  </reporter-output>
  <suite started-at="2024-12-05T01:55:42 COT" name="Command line suite" finished-at="2024-12-05T01:56:12 COT" duration-ms="30081">
    <groups>
    </groups>
    <test started-at="2024-12-05T01:55:42 COT" name="Command line test" finished-at="2024-12-05T01:56:12 COT" duration-ms="30081">
      <class name="tests.LoginTest">
        <test-method is-config="true" signature="setup()[pri:0, instance:tests.LoginTest@5af97850]" started-at="2024-12-05T01:55:42 COT" name="setup" finished-at="2024-12-05T01:55:46 COT" duration-ms="3904" status="PASS">
          <reporter-output>
          </reporter-output>
        </test-method> <!-- setup -->
        <test-method signature="testLogin()[pri:0, instance:tests.LoginTest@5af97850]" started-at="2024-12-05T01:55:46 COT" name="testLogin" finished-at="2024-12-05T01:55:50 COT" duration-ms="3372" status="PASS">
          <reporter-output>
          </reporter-output>
        </test-method> <!-- testLogin -->
        <test-method is-config="true" signature="teardown()[pri:0, instance:tests.LoginTest@5af97850]" started-at="2024-12-05T01:55:50 COT" name="teardown" finished-at="2024-12-05T01:55:50 COT" duration-ms="182" status="PASS">
          <reporter-output>
          </reporter-output>
        </test-method> <!-- teardown -->
      </class> <!-- tests.LoginTest -->
      <class name="tests.PurchaseTest">
        <test-method is-config="true" signature="setup()[pri:0, instance:tests.PurchaseTest@2d9d4f9d]" started-at="2024-12-05T01:55:50 COT" name="setup" finished-at="2024-12-05T01:55:53 COT" duration-ms="2922" status="PASS">
          <reporter-output>
          </reporter-output>
        </test-method> <!-- setup -->
        <test-method signature="testPurchaseFlow()[pri:0, instance:tests.PurchaseTest@2d9d4f9d]" started-at="2024-12-05T01:55:53 COT" name="testPurchaseFlow" finished-at="2024-12-05T01:56:12 COT" duration-ms="19424" status="PASS">
          <reporter-output>
          </reporter-output>
        </test-method> <!-- testPurchaseFlow -->
        <test-method is-config="true" signature="teardown()[pri:0, instance:tests.PurchaseTest@2d9d4f9d]" started-at="2024-12-05T01:56:12 COT" name="teardown" finished-at="2024-12-05T01:56:12 COT" duration-ms="213" status="PASS">
          <reporter-output>
          </reporter-output>
        </test-method> <!-- teardown -->
      </class> <!-- tests.PurchaseTest -->
    </test> <!-- Command line test -->
  </suite> <!-- Command line suite -->
</testng-results>
